# Push Log for NarcStudy_DexAnous
# Generated by gitfield-sync

[2025-07-10T22:03:26Z] Local: , Branch=master, Commit=89aa3ec
  Diff Summary:
     docs/integrity.sha256.sig.4E27D37C358872BF | 0
     1 file changed, 0 insertions(+), 0 deletions(-)
[2025-07-10T22:03:38Z] Radicle: RID=rad:z3FEj7rF8gZw9eFksCuiN43qjzrex, Peer ID=z6Mkw5s3ppo26C7y7tGK5MD8n2GqTHS582PPpeX5Xqbu2Mpz, Branch=master, Commit=89aa3ec
  CLI: rad inspect rad:z3FEj7rF8gZw9eFksCuiN43qjzrex # View project details
  CLI: git ls-tree -r --name-only HEAD # View file structure
  Diff Summary:
     .gitfield/canonical.meta.asc       | 16 +++++++++++
     .gitfield/index.json.asc           | 16 +++++++++++
     .gitfield/pushed.log               |  7 +++++
     .well-known/gitfield.json.asc      | 16 +++++++++++
     SockpuppetIndex.md                 | 58 ++++++++++++++++++++++++++++++++++++++
     docs/.well-known/gitfield.json.asc | 16 +++++++++++
     docs/canonical.meta.asc            | 16 +++++++++++
     docs/gitfield.json.asc             | 16 +++++++++++
     docs/index.json.asc                | 16 +++++++++++
     docs/integrity.sha256.asc          | 16 +++++++++++
     docs/repos.json.asc                | 16 +++++++++++
     11 files changed, 209 insertions(+)
[2025-07-10T22:04:26Z] Forgejo: https://remember.thefoldwithin.earth/mrhavens/NarcStudy_DexAnous, Branch=master, Commit=89aa3ec
  Diff Summary:
     .gitfield/remember.sigil.md | 59 +++++++++++++++++++++++++++++++++++++++++++++
     1 file changed, 59 insertions(+)
[2025-07-10T22:04:55Z] Codeberg: https://codeberg.org/mrhavens/NarcStudy_DexAnous, Branch=master, Commit=89aa3ec
  Diff Summary:
     .gitfield/codeberg.sigil.md | 59 +++++++++++++++++++++++++++++++++++++++++++++
     1 file changed, 59 insertions(+)
[2025-07-10T22:05:33Z] GitLab: https://gitlab.com/mrhavens/NarcStudy_DexAnous, Branch=master, Commit=89aa3ec
  Diff Summary:
     .gitfield/gitlab.sigil.md | 59 +++++++++++++++++++++++++++++++++++++++++++++++
     1 file changed, 59 insertions(+)
[2025-07-10T22:05:59Z] Bitbucket: https://bitbucket.org/thefoldwithin/NarcStudy_DexAnous, Branch=master, Commit=89aa3ec
  Diff Summary:
     .gitfield/bitbucket.sigil.md | 59 ++++++++++++++++++++++++++++++++++++++++++++
     1 file changed, 59 insertions(+)
[2025-07-10T22:07:06Z] GitHub: https://github.com/mrhavens/NarcStudy_DexAnous, Branch=master, Commit=89aa3ec
  Diff Summary:
     .gitfield/github.sigil.md | 59 +++++++++++++++++++++++++++++++++++++++++++++++
     1 file changed, 59 insertions(+)
[2025-07-10T22:11:50Z] Local: , Branch=master, Commit=89aa3ec
  Diff Summary:
     .gitfield/local.sigil.md | 59 ++++++++++++++++++++++++++++++++++++++++++++++++
     1 file changed, 59 insertions(+)
[2025-07-10T22:20:22Z] Radicle: RID=rad:z3FEj7rF8gZw9eFksCuiN43qjzrex, Peer ID=z6Mkw5s3ppo26C7y7tGK5MD8n2GqTHS582PPpeX5Xqbu2Mpz, Branch=master, Commit=89aa3ec
  CLI: rad inspect rad:z3FEj7rF8gZw9eFksCuiN43qjzrex # View project details
  CLI: git ls-tree -r --name-only HEAD # View file structure
  Diff Summary:
     .gitfield/radicle.sigil.md | 67 ++++++++++++++++++++++++++++++++++++++++++++++
     1 file changed, 67 insertions(+)
[2025-07-10T22:20:56Z] Forgejo: https://remember.thefoldwithin.earth/mrhavens/NarcStudy_DexAnous, Branch=master, Commit=89aa3ec
  Diff Summary:
     .gitfield/remember.sigil.md | 16 ++++++++--------
     1 file changed, 8 insertions(+), 8 deletions(-)
[2025-07-10T22:21:33Z] Codeberg: https://codeberg.org/mrhavens/NarcStudy_DexAnous, Branch=master, Commit=89aa3ec
  Diff Summary:
     .gitfield/codeberg.sigil.md | 16 ++++++++--------
     1 file changed, 8 insertions(+), 8 deletions(-)
[2025-07-10T22:22:27Z] GitLab: https://gitlab.com/mrhavens/NarcStudy_DexAnous, Branch=master, Commit=89aa3ec
  Diff Summary:
     .gitfield/gitlab.sigil.md | 16 ++++++++--------
     1 file changed, 8 insertions(+), 8 deletions(-)
[2025-07-10T22:23:21Z] Bitbucket: https://bitbucket.org/thefoldwithin/NarcStudy_DexAnous, Branch=master, Commit=89aa3ec
  Diff Summary:
     .gitfield/bitbucket.sigil.md | 16 ++++++++--------
     1 file changed, 8 insertions(+), 8 deletions(-)
[2025-07-10T22:24:17Z] GitHub: https://github.com/mrhavens/NarcStudy_DexAnous, Branch=master, Commit=89aa3ec
  Diff Summary:
     .gitfield/github.sigil.md | 16 ++++++++--------
     1 file changed, 8 insertions(+), 8 deletions(-)
[2025-07-10T22:28:16Z] Local: , Branch=master, Commit=89aa3ec
  Diff Summary:
     .gitfield/local.sigil.md | 16 ++++++++--------
     1 file changed, 8 insertions(+), 8 deletions(-)
